2014-03-07 17:02:38 6636 [Note] Plugin 'FEDERATED' is disabled.
2014-03-07 17:02:38 6636 [Note] InnoDB: The InnoDB memory heap is disabled
2014-03-07 17:02:38 6636 [Note] InnoDB: Mutexes and rw_locks use Windows interlocked functions
2014-03-07 17:02:38 6636 [Note] InnoDB: Compressed tables use zlib 1.2.3
2014-03-07 17:02:38 6636 [Note] InnoDB: Not using CPU crc32 instructions
2014-03-07 17:02:38 6636 [Note] InnoDB: Initializing buffer pool, size = 128.0M
2014-03-07 17:02:38 6636 [Note] InnoDB: Completed initialization of buffer pool
2014-03-07 17:02:38 6636 [Note] InnoDB: The first specified data file .\ibdata1 did not exist: a new database to be created!
2014-03-07 17:02:38 6636 [Note] InnoDB: Setting file .\ibdata1 size to 12 MB
2014-03-07 17:02:38 6636 [Note] InnoDB: Database physically writes the file full: wait...
2014-03-07 17:02:38 6636 [Note] InnoDB: Setting log file .\ib_logfile101 size to 48 MB
2014-03-07 17:02:39 6636 [Note] InnoDB: Setting log file .\ib_logfile1 size to 48 MB
2014-03-07 17:02:39 6636 [Note] InnoDB: Renaming log file .\ib_logfile101 to .\ib_logfile0
2014-03-07 17:02:39 6636 [Warning] InnoDB: New log files created, LSN=45781
2014-03-07 17:02:39 6636 [Note] InnoDB: Doublewrite buffer not found: creating new
2014-03-07 17:02:39 6636 [Note] InnoDB: Doublewrite buffer created
2014-03-07 17:02:39 6636 [Note] InnoDB: 128 rollback segment(s) are active.
2014-03-07 17:02:40 6636 [Warning] InnoDB: Creating foreign key constraint system tables.
2014-03-07 17:02:40 6636 [Note] InnoDB: Foreign key constraint system tables created
2014-03-07 17:02:40 6636 [Note] InnoDB: Creating tablespace and datafile system tables.
2014-03-07 17:02:40 6636 [Note] InnoDB: Tablespace and datafile system tables created.
2014-03-07 17:02:40 6636 [Note] InnoDB: Waiting for purge to start
2014-03-07 17:02:40 6636 [Note] InnoDB: 5.6.15 started; log sequence number 0
2014-03-07 17:02:40 6636 [Note] Server hostname (bind-address): 'localhost'; port: 3311
2014-03-07 17:02:40 6636 [Note]   - 'localhost' resolves to '::1';
2014-03-07 17:02:40 6636 [Note]   - 'localhost' resolves to '127.0.0.1';
2014-03-07 17:02:40 6636 [Note] Server socket created on IP: '127.0.0.1'.
2014-03-07 17:02:40 6636 [ERROR] Native table 'performance_schema'.'cond_instances' has the wrong structure
2014-03-07 17:02:40 6636 [ERROR] Native table 'performance_schema'.'events_waits_current' has the wrong structure
2014-03-07 17:02:40 6636 [ERROR] Native table 'performance_schema'.'events_waits_history' has the wrong structure
2014-03-07 17:02:40 6636 [ERROR] Native table 'performance_schema'.'events_waits_history_long' has the wrong structure
2014-03-07 17:02:40 6636 [ERROR] Native table 'performance_schema'.'events_waits_summary_by_host_by_event_name' has the wrong structure
2014-03-07 17:02:40 6636 [ERROR] Native table 'performance_schema'.'events_waits_summary_by_instance' has the wrong structure
2014-03-07 17:02:40 6636 [ERROR] Native table 'performance_schema'.'events_waits_summary_by_thread_by_event_name' has the wrong structure
2014-03-07 17:02:40 6636 [ERROR] Native table 'performance_schema'.'events_waits_summary_by_user_by_event_name' has the wrong structure
2014-03-07 17:02:40 6636 [ERROR] Native table 'performance_schema'.'events_waits_summary_by_account_by_event_name' has the wrong structure
2014-03-07 17:02:40 6636 [ERROR] Native table 'performance_schema'.'events_waits_summary_global_by_event_name' has the wrong structure
2014-03-07 17:02:40 6636 [ERROR] Native table 'performance_schema'.'file_instances' has the wrong structure
2014-03-07 17:02:40 6636 [ERROR] Native table 'performance_schema'.'file_summary_by_event_name' has the wrong structure
2014-03-07 17:02:40 6636 [ERROR] Native table 'performance_schema'.'file_summary_by_instance' has the wrong structure
2014-03-07 17:02:40 6636 [ERROR] Native table 'performance_schema'.'host_cache' has the wrong structure
2014-03-07 17:02:40 6636 [ERROR] Native table 'performance_schema'.'mutex_instances' has the wrong structure
2014-03-07 17:02:40 6636 [ERROR] Native table 'performance_schema'.'objects_summary_global_by_type' has the wrong structure
2014-03-07 17:02:40 6636 [ERROR] Native table 'performance_schema'.'performance_timers' has the wrong structure
2014-03-07 17:02:40 6636 [ERROR] Native table 'performance_schema'.'rwlock_instances' has the wrong structure
2014-03-07 17:02:40 6636 [ERROR] Native table 'performance_schema'.'setup_actors' has the wrong structure
2014-03-07 17:02:40 6636 [ERROR] Native table 'performance_schema'.'setup_consumers' has the wrong structure
2014-03-07 17:02:40 6636 [ERROR] Native table 'performance_schema'.'setup_instruments' has the wrong structure
2014-03-07 17:02:40 6636 [ERROR] Native table 'performance_schema'.'setup_objects' has the wrong structure
2014-03-07 17:02:40 6636 [ERROR] Native table 'performance_schema'.'setup_timers' has the wrong structure
2014-03-07 17:02:40 6636 [ERROR] Native table 'performance_schema'.'table_io_waits_summary_by_index_usage' has the wrong structure
2014-03-07 17:02:40 6636 [ERROR] Native table 'performance_schema'.'table_io_waits_summary_by_table' has the wrong structure
2014-03-07 17:02:40 6636 [ERROR] Native table 'performance_schema'.'table_lock_waits_summary_by_table' has the wrong structure
2014-03-07 17:02:40 6636 [ERROR] Native table 'performance_schema'.'threads' has the wrong structure
2014-03-07 17:02:40 6636 [ERROR] Native table 'performance_schema'.'events_stages_current' has the wrong structure
2014-03-07 17:02:40 6636 [ERROR] Native table 'performance_schema'.'events_stages_history' has the wrong structure
2014-03-07 17:02:40 6636 [ERROR] Native table 'performance_schema'.'events_stages_history_long' has the wrong structure
2014-03-07 17:02:40 6636 [ERROR] Native table 'performance_schema'.'events_stages_summary_by_thread_by_event_name' has the wrong structure
2014-03-07 17:02:40 6636 [ERROR] Native table 'performance_schema'.'events_stages_summary_by_account_by_event_name' has the wrong structure
2014-03-07 17:02:40 6636 [ERROR] Native table 'performance_schema'.'events_stages_summary_by_user_by_event_name' has the wrong structure
2014-03-07 17:02:40 6636 [ERROR] Native table 'performance_schema'.'events_stages_summary_by_host_by_event_name' has the wrong structure
2014-03-07 17:02:40 6636 [ERROR] Native table 'performance_schema'.'events_stages_summary_global_by_event_name' has the wrong structure
2014-03-07 17:02:40 6636 [ERROR] Native table 'performance_schema'.'events_statements_current' has the wrong structure
2014-03-07 17:02:40 6636 [ERROR] Native table 'performance_schema'.'events_statements_history' has the wrong structure
2014-03-07 17:02:40 6636 [ERROR] Native table 'performance_schema'.'events_statements_history_long' has the wrong structure
2014-03-07 17:02:40 6636 [ERROR] Native table 'performance_schema'.'events_statements_summary_by_thread_by_event_name' has the wrong structure
2014-03-07 17:02:40 6636 [ERROR] Native table 'performance_schema'.'events_statements_summary_by_account_by_event_name' has the wrong structure
2014-03-07 17:02:40 6636 [ERROR] Native table 'performance_schema'.'events_statements_summary_by_user_by_event_name' has the wrong structure
2014-03-07 17:02:40 6636 [ERROR] Native table 'performance_schema'.'events_statements_summary_by_host_by_event_name' has the wrong structure
2014-03-07 17:02:40 6636 [ERROR] Native table 'performance_schema'.'events_statements_summary_global_by_event_name' has the wrong structure
2014-03-07 17:02:40 6636 [ERROR] Native table 'performance_schema'.'events_statements_summary_by_digest' has the wrong structure
2014-03-07 17:02:40 6636 [ERROR] Native table 'performance_schema'.'users' has the wrong structure
2014-03-07 17:02:40 6636 [ERROR] Native table 'performance_schema'.'accounts' has the wrong structure
2014-03-07 17:02:40 6636 [ERROR] Native table 'performance_schema'.'hosts' has the wrong structure
2014-03-07 17:02:40 6636 [ERROR] Native table 'performance_schema'.'socket_instances' has the wrong structure
2014-03-07 17:02:40 6636 [ERROR] Native table 'performance_schema'.'socket_summary_by_instance' has the wrong structure
2014-03-07 17:02:40 6636 [ERROR] Native table 'performance_schema'.'socket_summary_by_event_name' has the wrong structure
2014-03-07 17:02:40 6636 [ERROR] Native table 'performance_schema'.'session_connect_attrs' has the wrong structure
2014-03-07 17:02:40 6636 [ERROR] Native table 'performance_schema'.'session_account_connect_attrs' has the wrong structure
2014-03-07 17:02:40 6636 [Note] Event Scheduler: Loaded 0 events
2014-03-07 17:02:40 6636 [Note] bin\mysqld.exe: ready for connections.
Version: '5.6.15'  socket: ''  port: 3311  MySQL Community Server (GPL)
2014-03-07 18:36:21 6636 [Note] bin\mysqld.exe: Normal shutdown

2014-03-07 18:36:21 6636 [Note] Giving 0 client threads a chance to die gracefully
2014-03-07 18:36:21 6636 [Note] Event Scheduler: Purging the queue. 0 events
2014-03-07 18:36:21 6636 [Note] Shutting down slave threads
2014-03-07 18:36:21 6636 [Note] Forcefully disconnecting 0 remaining clients
2014-03-07 18:36:21 6636 [Note] Binlog end
2014-03-07 18:36:21 6636 [Note] Shutting down plugin 'partition'
2014-03-07 18:36:21 6636 [Note] Shutting down plugin 'PERFORMANCE_SCHEMA'
2014-03-07 18:36:21 6636 [Note] Shutting down plugin 'INNODB_SYS_DATAFILES'
2014-03-07 18:36:21 6636 [Note] Shutting down plugin 'INNODB_SYS_TABLESPACES'
2014-03-07 18:36:21 6636 [Note] Shutting down plugin 'INNODB_SYS_FOREIGN_COLS'
2014-03-07 18:36:21 6636 [Note] Shutting down plugin 'INNODB_SYS_FOREIGN'
2014-03-07 18:36:21 6636 [Note] Shutting down plugin 'INNODB_SYS_FIELDS'
2014-03-07 18:36:21 6636 [Note] Shutting down plugin 'INNODB_SYS_COLUMNS'
2014-03-07 18:36:21 6636 [Note] Shutting down plugin 'INNODB_SYS_INDEXES'
2014-03-07 18:36:21 6636 [Note] Shutting down plugin 'INNODB_SYS_TABLESTATS'
2014-03-07 18:36:21 6636 [Note] Shutting down plugin 'INNODB_SYS_TABLES'
2014-03-07 18:36:21 6636 [Note] Shutting down plugin 'INNODB_FT_INDEX_TABLE'
2014-03-07 18:36:21 6636 [Note] Shutting down plugin 'INNODB_FT_INDEX_CACHE'
2014-03-07 18:36:21 6636 [Note] Shutting down plugin 'INNODB_FT_CONFIG'
2014-03-07 18:36:21 6636 [Note] Shutting down plugin 'INNODB_FT_BEING_DELETED'
2014-03-07 18:36:21 6636 [Note] Shutting down plugin 'INNODB_FT_DELETED'
2014-03-07 18:36:21 6636 [Note] Shutting down plugin 'INNODB_FT_DEFAULT_STOPWORD'
2014-03-07 18:36:21 6636 [Note] Shutting down plugin 'INNODB_METRICS'
2014-03-07 18:36:21 6636 [Note] Shutting down plugin 'INNODB_BUFFER_POOL_STATS'
2014-03-07 18:36:21 6636 [Note] Shutting down plugin 'INNODB_BUFFER_PAGE_LRU'
2014-03-07 18:36:21 6636 [Note] Shutting down plugin 'INNODB_BUFFER_PAGE'
2014-03-07 18:36:21 6636 [Note] Shutting down plugin 'INNODB_CMP_PER_INDEX_RESET'
2014-03-07 18:36:21 6636 [Note] Shutting down plugin 'INNODB_CMP_PER_INDEX'
2014-03-07 18:36:21 6636 [Note] Shutting down plugin 'INNODB_CMPMEM_RESET'
2014-03-07 18:36:21 6636 [Note] Shutting down plugin 'INNODB_CMPMEM'
2014-03-07 18:36:21 6636 [Note] Shutting down plugin 'INNODB_CMP_RESET'
2014-03-07 18:36:21 6636 [Note] Shutting down plugin 'INNODB_CMP'
2014-03-07 18:36:21 6636 [Note] Shutting down plugin 'INNODB_LOCK_WAITS'
2014-03-07 18:36:21 6636 [Note] Shutting down plugin 'INNODB_LOCKS'
2014-03-07 18:36:21 6636 [Note] Shutting down plugin 'INNODB_TRX'
2014-03-07 18:36:21 6636 [Note] Shutting down plugin 'InnoDB'
2014-03-07 18:36:21 6636 [Note] InnoDB: FTS optimize thread exiting.
2014-03-07 18:36:21 6636 [Note] InnoDB: Starting shutdown...
2014-03-07 18:36:22 6636 [Note] InnoDB: Shutdown completed; log sequence number 1600607
2014-03-07 18:36:22 6636 [Note] Shutting down plugin 'BLACKHOLE'
2014-03-07 18:36:22 6636 [Note] Shutting down plugin 'ARCHIVE'
2014-03-07 18:36:22 6636 [Note] Shutting down plugin 'MRG_MYISAM'
2014-03-07 18:36:22 6636 [Note] Shutting down plugin 'MyISAM'
2014-03-07 18:36:22 6636 [Note] Shutting down plugin 'MEMORY'
2014-03-07 18:36:22 6636 [Note] Shutting down plugin 'CSV'
2014-03-07 18:36:22 6636 [Note] Shutting down plugin 'sha256_password'
2014-03-07 18:36:22 6636 [Note] Shutting down plugin 'mysql_old_password'
2014-03-07 18:36:22 6636 [Note] Shutting down plugin 'mysql_native_password'
2014-03-07 18:36:22 6636 [Note] Shutting down plugin 'binlog'
2014-03-07 18:36:22 6636 [Note] bin\mysqld.exe: Shutdown complete

